ERROR [AWT-EventQueue-0] 2015-08-27 09:53:07,610 repast.simphony.dataLoader.engine.MIContextXMLDataLoaderAction - ModelInitializer class was not found. Unable to initialize scenario
ERROR [AWT-EventQueue-0] 2015-08-27 09:55:02,343 repast.simphony.ui.RSApplication - Scenario Load Error
repast.simphony.scenario.ScenarioLoadException: Invalid projection type 'geog'
	at repast.simphony.scenario.ScenarioLoader.load(ScenarioLoader.java:219)
	at repast.simphony.ui.RSApplication.open(RSApplication.java:355)
	at repast.simphony.ui.RSAppConfigurator.postWindowOpen(RSAppConfigurator.java:39)
	at saf.core.ui.GUICreatorDelegate.runDisplay(GUICreatorDelegate.java:188)
	at saf.core.ui.GUICreator$1.run(GUICreator.java:18)
	at simphony.util.ThreadUtilities$Runner.run(ThreadUtilities.java:33)
	at simphony.util.ThreadUtilities.runInEventThread(ThreadUtilities.java:47)
	at saf.core.ui.GUICreator.runDisplay(GUICreator.java:16)
	at repast.simphony.ui.RSUIPlugin$1.run(RSUIPlugin.java:104)
	at java.awt.event.InvocationEvent.dispatch(Unknown Source)
	at java.awt.EventQueue.dispatchEventImpl(Unknown Source)
	at java.awt.EventQueue.access$200(Unknown Source)
	at java.awt.EventQueue$3.run(Unknown Source)
	at java.awt.EventQueue$3.run(Unknown Source)
	at java.security.AccessController.doPrivileged(Native Method)
	at java.security.ProtectionDomain$1.doIntersectionPrivilege(Unknown Source)
	at java.awt.EventQueue.dispatchEvent(Unknown Source)
	at java.awt.EventDispatchThread.pumpOneEventForFilters(Unknown Source)
	at java.awt.EventDispatchThread.pumpEventsForFilter(Unknown Source)
	at java.awt.EventDispatchThread.pumpEventsForHierarchy(Unknown Source)
	at java.awt.EventDispatchThread.pumpEvents(Unknown Source)
	at java.awt.EventDispatchThread.pumpEvents(Unknown Source)
	at java.awt.EventDispatchThread.run(Unknown Source)
Caused by: java.lang.IllegalArgumentException: Invalid projection type 'geog'
	at repast.simphony.scenario.data.ProjectionType.getType(ProjectionType.java:76)
	at repast.simphony.scenario.data.ContextFileReader.read(ContextFileReader.java:58)
	at repast.simphony.scenario.ScenarioLoader.load(ScenarioLoader.java:125)
	... 22 more
ERROR [AWT-EventQueue-0] 2015-08-27 09:55:52,717 repast.simphony.dataLoader.engine.MIContextXMLDataLoaderAction - ModelInitializer class was not found. Unable to initialize scenario
WARN  [Thread-6] 2015-10-15 20:22:54,964 repast.simphony.ui.GUIScheduleRunner - Caught InterruptedException when running simulation, unpausing.
java.lang.InterruptedException
	at java.lang.Object.wait(Native Method)
	at java.lang.Object.wait(Object.java:503)
	at repast.simphony.ui.GUIScheduleRunner.go(GUIScheduleRunner.java:137)
	at repast.simphony.ui.GUIScheduleRunner$ScheduleLoopRunnable.run(GUIScheduleRunner.java:48)
	at java.lang.Thread.run(Unknown Source)
ERROR [AWT-EventQueue-0] 2015-10-15 20:33:54,297 repast.simphony.ui.RSApplication - Error while initializing simulation
repast.simphony.data2.DataException: Error creating MethodDataSource
	at repast.simphony.data2.MethodDataSource.<init>(MethodDataSource.java:60)
	at repast.simphony.data2.builder.AggregateDataSetBuilder.defineMethodDataSource(AggregateDataSetBuilder.java:84)
	at repast.simphony.data2.engine.DataSetComponentControllerAction.createAggregateBuilder(DataSetComponentControllerAction.java:96)
	at repast.simphony.data2.engine.DataSetComponentControllerAction.batchInitialize(DataSetComponentControllerAction.java:75)
	at repast.simphony.engine.controller.DefaultController$1.visit(DefaultController.java:192)
	at repast.simphony.engine.controller.DefaultController$1.visit(DefaultController.java:1)
	at repast.simphony.util.collections.NaryTree.preOrderTraverals(NaryTree.java:287)
	at repast.simphony.util.collections.NaryTree.preOrderTraverals(NaryTree.java:290)
	at repast.simphony.util.collections.NaryTree.preOrderTraverals(NaryTree.java:290)
	at repast.simphony.util.collections.NaryTree.preOrderTraversal(NaryTree.java:283)
	at repast.simphony.engine.controller.DefaultController.batchInitialize(DefaultController.java:190)
	at repast.simphony.engine.controller.DefaultController.batchInitialize(DefaultController.java:349)
	at repast.simphony.ui.RSApplication.initSim(RSApplication.java:160)
	at repast.simphony.ui.RSApplication.step(RSApplication.java:214)
	at repast.simphony.ui.action.StepRun.actionPerformed(StepRun.java:17)
	at javax.swing.AbstractButton.fireActionPerformed(Unknown Source)
	at javax.swing.AbstractButton$Handler.actionPerformed(Unknown Source)
	at javax.swing.DefaultButtonModel.fireActionPerformed(Unknown Source)
	at javax.swing.DefaultButtonModel.setPressed(Unknown Source)
	at javax.swing.plaf.basic.BasicButtonListener.mouseReleased(Unknown Source)
	at java.awt.AWTEventMulticaster.mouseReleased(Unknown Source)
	at java.awt.Component.processMouseEvent(Unknown Source)
	at javax.swing.JComponent.processMouseEvent(Unknown Source)
	at java.awt.Component.processEvent(Unknown Source)
	at java.awt.Container.processEvent(Unknown Source)
	at java.awt.Component.dispatchEventImpl(Unknown Source)
	at java.awt.Container.dispatchEventImpl(Unknown Source)
	at java.awt.Component.dispatchEvent(Unknown Source)
	at java.awt.LightweightDispatcher.retargetMouseEvent(Unknown Source)
	at java.awt.LightweightDispatcher.processMouseEvent(Unknown Source)
	at java.awt.LightweightDispatcher.dispatchEvent(Unknown Source)
	at java.awt.Container.dispatchEventImpl(Unknown Source)
	at java.awt.Window.dispatchEventImpl(Unknown Source)
	at java.awt.Component.dispatchEvent(Unknown Source)
	at java.awt.EventQueue.dispatchEventImpl(Unknown Source)
	at java.awt.EventQueue.access$200(Unknown Source)
	at java.awt.EventQueue$3.run(Unknown Source)
	at java.awt.EventQueue$3.run(Unknown Source)
	at java.security.AccessController.doPrivileged(Native Method)
	at java.security.ProtectionDomain$1.doIntersectionPrivilege(Unknown Source)
	at java.security.ProtectionDomain$1.doIntersectionPrivilege(Unknown Source)
	at java.awt.EventQueue$4.run(Unknown Source)
	at java.awt.EventQueue$4.run(Unknown Source)
	at java.security.AccessController.doPrivileged(Native Method)
	at java.security.ProtectionDomain$1.doIntersectionPrivilege(Unknown Source)
	at java.awt.EventQueue.dispatchEvent(Unknown Source)
	at java.awt.EventDispatchThread.pumpOneEventForFilters(Unknown Source)
	at java.awt.EventDispatchThread.pumpEventsForFilter(Unknown Source)
	at java.awt.EventDispatchThread.pumpEventsForHierarchy(Unknown Source)
	at java.awt.EventDispatchThread.pumpEvents(Unknown Source)
	at java.awt.EventDispatchThread.pumpEvents(Unknown Source)
	at java.awt.EventDispatchThread.run(Unknown Source)
Caused by: java.lang.NoSuchMethodException: dynamic_NN.Node.getActive()
	at java.lang.Class.getMethod(Unknown Source)
	at repast.simphony.data2.MethodDataSource.<init>(MethodDataSource.java:43)
	... 51 more
ERROR [AWT-EventQueue-0] 2015-10-18 17:57:32,703 repast.simphony.ui.RSApplication - Error while initializing simulation
java.lang.NullPointerException
	at dynamic_NN.ModelSetup.build(ModelSetup.java:140)
	at repast.simphony.dataLoader.engine.ClassNameContextBuilder.build(ClassNameContextBuilder.java:41)
	at repast.simphony.dataLoader.engine.DataLoaderControllerAction.runInitialize(DataLoaderControllerAction.java:48)
	at repast.simphony.engine.controller.DefaultController$2.visit(DefaultController.java:214)
	at repast.simphony.engine.controller.DefaultController$2.visit(DefaultController.java:1)
	at repast.simphony.util.collections.NaryTree.preOrderTraverals(NaryTree.java:287)
	at repast.simphony.util.collections.NaryTree.preOrderTraverals(NaryTree.java:290)
	at repast.simphony.util.collections.NaryTree.preOrderTraverals(NaryTree.java:290)
	at repast.simphony.util.collections.NaryTree.preOrderTraversal(NaryTree.java:283)
	at repast.simphony.engine.controller.DefaultController.runInitialize(DefaultController.java:212)
	at repast.simphony.engine.controller.DefaultController.runInitialize(DefaultController.java:383)
	at repast.simphony.ui.RSApplication.initSim(RSApplication.java:162)
	at repast.simphony.ui.RSApplication.step(RSApplication.java:214)
	at repast.simphony.ui.action.StepRun.actionPerformed(StepRun.java:17)
	at javax.swing.AbstractButton.fireActionPerformed(Unknown Source)
	at javax.swing.AbstractButton$Handler.actionPerformed(Unknown Source)
	at javax.swing.DefaultButtonModel.fireActionPerformed(Unknown Source)
	at javax.swing.DefaultButtonModel.setPressed(Unknown Source)
	at javax.swing.plaf.basic.BasicButtonListener.mouseReleased(Unknown Source)
	at java.awt.AWTEventMulticaster.mouseReleased(Unknown Source)
	at java.awt.Component.processMouseEvent(Unknown Source)
	at javax.swing.JComponent.processMouseEvent(Unknown Source)
	at java.awt.Component.processEvent(Unknown Source)
	at java.awt.Container.processEvent(Unknown Source)
	at java.awt.Component.dispatchEventImpl(Unknown Source)
	at java.awt.Container.dispatchEventImpl(Unknown Source)
	at java.awt.Component.dispatchEvent(Unknown Source)
	at java.awt.LightweightDispatcher.retargetMouseEvent(Unknown Source)
	at java.awt.LightweightDispatcher.processMouseEvent(Unknown Source)
	at java.awt.LightweightDispatcher.dispatchEvent(Unknown Source)
	at java.awt.Container.dispatchEventImpl(Unknown Source)
	at java.awt.Window.dispatchEventImpl(Unknown Source)
	at java.awt.Component.dispatchEvent(Unknown Source)
	at java.awt.EventQueue.dispatchEventImpl(Unknown Source)
	at java.awt.EventQueue.access$200(Unknown Source)
	at java.awt.EventQueue$3.run(Unknown Source)
	at java.awt.EventQueue$3.run(Unknown Source)
	at java.security.AccessController.doPrivileged(Native Method)
	at java.security.ProtectionDomain$1.doIntersectionPrivilege(Unknown Source)
	at java.security.ProtectionDomain$1.doIntersectionPrivilege(Unknown Source)
	at java.awt.EventQueue$4.run(Unknown Source)
	at java.awt.EventQueue$4.run(Unknown Source)
	at java.security.AccessController.doPrivileged(Native Method)
	at java.security.ProtectionDomain$1.doIntersectionPrivilege(Unknown Source)
	at java.awt.EventQueue.dispatchEvent(Unknown Source)
	at java.awt.EventDispatchThread.pumpOneEventForFilters(Unknown Source)
	at java.awt.EventDispatchThread.pumpEventsForFilter(Unknown Source)
	at java.awt.EventDispatchThread.pumpEventsForHierarchy(Unknown Source)
	at java.awt.EventDispatchThread.pumpEvents(Unknown Source)
	at java.awt.EventDispatchThread.pumpEvents(Unknown Source)
	at java.awt.EventDispatchThread.run(Unknown Source)
FATAL [Thread-6] 2015-10-20 11:41:06,312 repast.simphony.ui.GUIScheduleRunner - RunTimeException when running the schedule
Current tick (1.0)
java.lang.RuntimeException: java.lang.reflect.InvocationTargetException
	at repast.simphony.engine.schedule.CallBackAction.execute(CallBackAction.java:129)
	at repast.simphony.engine.schedule.DefaultAction.execute(DefaultAction.java:38)
	at repast.simphony.engine.schedule.ScheduleGroup.executeList(ScheduleGroup.java:206)
	at repast.simphony.engine.schedule.ScheduleGroup.execute(ScheduleGroup.java:231)
	at repast.simphony.engine.schedule.Schedule.execute(Schedule.java:352)
	at repast.simphony.ui.GUIScheduleRunner$ScheduleLoopRunnable.run(GUIScheduleRunner.java:52)
	at java.lang.Thread.run(Unknown Source)
Caused by: java.lang.reflect.InvocationTargetException
	at dynamic_NN.Executor$$FastClassByCGLIB$$4cbb9561.invoke(<generated>)
	at net.sf.cglib.reflect.FastMethod.invoke(FastMethod.java:53)
	at repast.simphony.engine.schedule.CallBackAction.execute(CallBackAction.java:127)
	... 6 more
Caused by: java.lang.NullPointerException
	at dynamic_NN.Node.addPos(Node.java:153)
	at dynamic_NN.Node.calculateError(Node.java:132)
	at dynamic_NN.Node.updateWeights(Node.java:57)
	at dynamic_NN.Learning.learn(Learning.java:24)
	at dynamic_NN.Executor.processLearning(Executor.java:59)
	... 9 more
ERROR [AWT-EventQueue-0] 2015-10-20 11:43:12,369 repast.simphony.ui.RSApplication - Error while initializing simulation
org.apache.commons.math3.exception.NotStrictlyPositiveException: 0 is smaller than, or equal to, the minimum (0)
	at org.apache.commons.math3.linear.AbstractRealMatrix.<init>(AbstractRealMatrix.java:69)
	at org.apache.commons.math3.linear.Array2DRowRealMatrix.<init>(Array2DRowRealMatrix.java:61)
	at org.apache.commons.math3.linear.MatrixUtils.createRealMatrix(MatrixUtils.java:81)
	at org.apache.commons.math3.linear.MatrixUtils.createRealIdentityMatrix(MatrixUtils.java:176)
	at dynamic_NN.Node.nodeInitialize(Node.java:42)
	at dynamic_NN.ModelSetup.build(ModelSetup.java:136)
	at repast.simphony.dataLoader.engine.ClassNameContextBuilder.build(ClassNameContextBuilder.java:41)
	at repast.simphony.dataLoader.engine.DataLoaderControllerAction.runInitialize(DataLoaderControllerAction.java:48)
	at repast.simphony.engine.controller.DefaultController$2.visit(DefaultController.java:214)
	at repast.simphony.engine.controller.DefaultController$2.visit(DefaultController.java:1)
	at repast.simphony.util.collections.NaryTree.preOrderTraverals(NaryTree.java:287)
	at repast.simphony.util.collections.NaryTree.preOrderTraverals(NaryTree.java:290)
	at repast.simphony.util.collections.NaryTree.preOrderTraverals(NaryTree.java:290)
	at repast.simphony.util.collections.NaryTree.preOrderTraversal(NaryTree.java:283)
	at repast.simphony.engine.controller.DefaultController.runInitialize(DefaultController.java:212)
	at repast.simphony.engine.controller.DefaultController.runInitialize(DefaultController.java:383)
	at repast.simphony.ui.RSApplication.initSim(RSApplication.java:162)
	at repast.simphony.ui.RSApplication.start(RSApplication.java:194)
	at repast.simphony.ui.action.StartRun.actionPerformed(StartRun.java:17)
	at javax.swing.AbstractButton.fireActionPerformed(Unknown Source)
	at javax.swing.AbstractButton$Handler.actionPerformed(Unknown Source)
	at javax.swing.DefaultButtonModel.fireActionPerformed(Unknown Source)
	at javax.swing.DefaultButtonModel.setPressed(Unknown Source)
	at javax.swing.plaf.basic.BasicButtonListener.mouseReleased(Unknown Source)
	at java.awt.AWTEventMulticaster.mouseReleased(Unknown Source)
	at java.awt.Component.processMouseEvent(Unknown Source)
	at javax.swing.JComponent.processMouseEvent(Unknown Source)
	at java.awt.Component.processEvent(Unknown Source)
	at java.awt.Container.processEvent(Unknown Source)
	at java.awt.Component.dispatchEventImpl(Unknown Source)
	at java.awt.Container.dispatchEventImpl(Unknown Source)
	at java.awt.Component.dispatchEvent(Unknown Source)
	at java.awt.LightweightDispatcher.retargetMouseEvent(Unknown Source)
	at java.awt.LightweightDispatcher.processMouseEvent(Unknown Source)
	at java.awt.LightweightDispatcher.dispatchEvent(Unknown Source)
	at java.awt.Container.dispatchEventImpl(Unknown Source)
	at java.awt.Window.dispatchEventImpl(Unknown Source)
	at java.awt.Component.dispatchEvent(Unknown Source)
	at java.awt.EventQueue.dispatchEventImpl(Unknown Source)
	at java.awt.EventQueue.access$200(Unknown Source)
	at java.awt.EventQueue$3.run(Unknown Source)
	at java.awt.EventQueue$3.run(Unknown Source)
	at java.security.AccessController.doPrivileged(Native Method)
	at java.security.ProtectionDomain$1.doIntersectionPrivilege(Unknown Source)
	at java.security.ProtectionDomain$1.doIntersectionPrivilege(Unknown Source)
	at java.awt.EventQueue$4.run(Unknown Source)
	at java.awt.EventQueue$4.run(Unknown Source)
	at java.security.AccessController.doPrivileged(Native Method)
	at java.security.ProtectionDomain$1.doIntersectionPrivilege(Unknown Source)
	at java.awt.EventQueue.dispatchEvent(Unknown Source)
	at java.awt.EventDispatchThread.pumpOneEventForFilters(Unknown Source)
	at java.awt.EventDispatchThread.pumpEventsForFilter(Unknown Source)
	at java.awt.EventDispatchThread.pumpEventsForHierarchy(Unknown Source)
	at java.awt.EventDispatchThread.pumpEvents(Unknown Source)
	at java.awt.EventDispatchThread.pumpEvents(Unknown Source)
	at java.awt.EventDispatchThread.run(Unknown Source)
ERROR [AWT-EventQueue-0] 2015-10-20 11:44:41,725 repast.simphony.ui.RSApplication - Error while initializing simulation
org.apache.commons.math3.exception.NotStrictlyPositiveException: 0 is smaller than, or equal to, the minimum (0)
	at org.apache.commons.math3.linear.AbstractRealMatrix.<init>(AbstractRealMatrix.java:69)
	at org.apache.commons.math3.linear.Array2DRowRealMatrix.<init>(Array2DRowRealMatrix.java:61)
	at org.apache.commons.math3.linear.MatrixUtils.createRealMatrix(MatrixUtils.java:81)
	at org.apache.commons.math3.linear.MatrixUtils.createRealIdentityMatrix(MatrixUtils.java:176)
	at dynamic_NN.Node.nodeInitialize(Node.java:42)
	at dynamic_NN.ModelSetup.build(ModelSetup.java:136)
	at repast.simphony.dataLoader.engine.ClassNameContextBuilder.build(ClassNameContextBuilder.java:41)
	at repast.simphony.dataLoader.engine.DataLoaderControllerAction.runInitialize(DataLoaderControllerAction.java:48)
	at repast.simphony.engine.controller.DefaultController$2.visit(DefaultController.java:214)
	at repast.simphony.engine.controller.DefaultController$2.visit(DefaultController.java:1)
	at repast.simphony.util.collections.NaryTree.preOrderTraverals(NaryTree.java:287)
	at repast.simphony.util.collections.NaryTree.preOrderTraverals(NaryTree.java:290)
	at repast.simphony.util.collections.NaryTree.preOrderTraverals(NaryTree.java:290)
	at repast.simphony.util.collections.NaryTree.preOrderTraversal(NaryTree.java:283)
	at repast.simphony.engine.controller.DefaultController.runInitialize(DefaultController.java:212)
	at repast.simphony.engine.controller.DefaultController.runInitialize(DefaultController.java:383)
	at repast.simphony.ui.RSApplication.initSim(RSApplication.java:162)
	at repast.simphony.ui.RSApplication.step(RSApplication.java:214)
	at repast.simphony.ui.action.StepRun.actionPerformed(StepRun.java:17)
	at javax.swing.AbstractButton.fireActionPerformed(Unknown Source)
	at javax.swing.AbstractButton$Handler.actionPerformed(Unknown Source)
	at javax.swing.DefaultButtonModel.fireActionPerformed(Unknown Source)
	at javax.swing.DefaultButtonModel.setPressed(Unknown Source)
	at javax.swing.plaf.basic.BasicButtonListener.mouseReleased(Unknown Source)
	at java.awt.AWTEventMulticaster.mouseReleased(Unknown Source)
	at java.awt.Component.processMouseEvent(Unknown Source)
	at javax.swing.JComponent.processMouseEvent(Unknown Source)
	at java.awt.Component.processEvent(Unknown Source)
	at java.awt.Container.processEvent(Unknown Source)
	at java.awt.Component.dispatchEventImpl(Unknown Source)
	at java.awt.Container.dispatchEventImpl(Unknown Source)
	at java.awt.Component.dispatchEvent(Unknown Source)
	at java.awt.LightweightDispatcher.retargetMouseEvent(Unknown Source)
	at java.awt.LightweightDispatcher.processMouseEvent(Unknown Source)
	at java.awt.LightweightDispatcher.dispatchEvent(Unknown Source)
	at java.awt.Container.dispatchEventImpl(Unknown Source)
	at java.awt.Window.dispatchEventImpl(Unknown Source)
	at java.awt.Component.dispatchEvent(Unknown Source)
	at java.awt.EventQueue.dispatchEventImpl(Unknown Source)
	at java.awt.EventQueue.access$200(Unknown Source)
	at java.awt.EventQueue$3.run(Unknown Source)
	at java.awt.EventQueue$3.run(Unknown Source)
	at java.security.AccessController.doPrivileged(Native Method)
	at java.security.ProtectionDomain$1.doIntersectionPrivilege(Unknown Source)
	at java.security.ProtectionDomain$1.doIntersectionPrivilege(Unknown Source)
	at java.awt.EventQueue$4.run(Unknown Source)
	at java.awt.EventQueue$4.run(Unknown Source)
	at java.security.AccessController.doPrivileged(Native Method)
	at java.security.ProtectionDomain$1.doIntersectionPrivilege(Unknown Source)
	at java.awt.EventQueue.dispatchEvent(Unknown Source)
	at java.awt.EventDispatchThread.pumpOneEventForFilters(Unknown Source)
	at java.awt.EventDispatchThread.pumpEventsForFilter(Unknown Source)
	at java.awt.EventDispatchThread.pumpEventsForHierarchy(Unknown Source)
	at java.awt.EventDispatchThread.pumpEvents(Unknown Source)
	at java.awt.EventDispatchThread.pumpEvents(Unknown Source)
	at java.awt.EventDispatchThread.run(Unknown Source)
ERROR [AWT-EventQueue-0] 2015-10-20 11:45:27,214 repast.simphony.ui.RSApplication - Error while initializing simulation
org.apache.commons.math3.exception.NotStrictlyPositiveException: 0 is smaller than, or equal to, the minimum (0)
	at org.apache.commons.math3.linear.AbstractRealMatrix.<init>(AbstractRealMatrix.java:69)
	at org.apache.commons.math3.linear.Array2DRowRealMatrix.<init>(Array2DRowRealMatrix.java:61)
	at org.apache.commons.math3.linear.MatrixUtils.createRealMatrix(MatrixUtils.java:81)
	at org.apache.commons.math3.linear.MatrixUtils.createRealIdentityMatrix(MatrixUtils.java:176)
	at dynamic_NN.Node.nodeInitialize(Node.java:42)
	at dynamic_NN.ModelSetup.build(ModelSetup.java:136)
	at repast.simphony.dataLoader.engine.ClassNameContextBuilder.build(ClassNameContextBuilder.java:41)
	at repast.simphony.dataLoader.engine.DataLoaderControllerAction.runInitialize(DataLoaderControllerAction.java:48)
	at repast.simphony.engine.controller.DefaultController$2.visit(DefaultController.java:214)
	at repast.simphony.engine.controller.DefaultController$2.visit(DefaultController.java:1)
	at repast.simphony.util.collections.NaryTree.preOrderTraverals(NaryTree.java:287)
	at repast.simphony.util.collections.NaryTree.preOrderTraverals(NaryTree.java:290)
	at repast.simphony.util.collections.NaryTree.preOrderTraverals(NaryTree.java:290)
	at repast.simphony.util.collections.NaryTree.preOrderTraversal(NaryTree.java:283)
	at repast.simphony.engine.controller.DefaultController.runInitialize(DefaultController.java:212)
	at repast.simphony.engine.controller.DefaultController.runInitialize(DefaultController.java:383)
	at repast.simphony.ui.RSApplication.initSim(RSApplication.java:162)
	at repast.simphony.ui.RSApplication.step(RSApplication.java:214)
	at repast.simphony.ui.action.StepRun.actionPerformed(StepRun.java:17)
	at javax.swing.AbstractButton.fireActionPerformed(Unknown Source)
	at javax.swing.AbstractButton$Handler.actionPerformed(Unknown Source)
	at javax.swing.DefaultButtonModel.fireActionPerformed(Unknown Source)
	at javax.swing.DefaultButtonModel.setPressed(Unknown Source)
	at javax.swing.plaf.basic.BasicButtonListener.mouseReleased(Unknown Source)
	at java.awt.AWTEventMulticaster.mouseReleased(Unknown Source)
	at java.awt.Component.processMouseEvent(Unknown Source)
	at javax.swing.JComponent.processMouseEvent(Unknown Source)
	at java.awt.Component.processEvent(Unknown Source)
	at java.awt.Container.processEvent(Unknown Source)
	at java.awt.Component.dispatchEventImpl(Unknown Source)
	at java.awt.Container.dispatchEventImpl(Unknown Source)
	at java.awt.Component.dispatchEvent(Unknown Source)
	at java.awt.LightweightDispatcher.retargetMouseEvent(Unknown Source)
	at java.awt.LightweightDispatcher.processMouseEvent(Unknown Source)
	at java.awt.LightweightDispatcher.dispatchEvent(Unknown Source)
	at java.awt.Container.dispatchEventImpl(Unknown Source)
	at java.awt.Window.dispatchEventImpl(Unknown Source)
	at java.awt.Component.dispatchEvent(Unknown Source)
	at java.awt.EventQueue.dispatchEventImpl(Unknown Source)
	at java.awt.EventQueue.access$200(Unknown Source)
	at java.awt.EventQueue$3.run(Unknown Source)
	at java.awt.EventQueue$3.run(Unknown Source)
	at java.security.AccessController.doPrivileged(Native Method)
	at java.security.ProtectionDomain$1.doIntersectionPrivilege(Unknown Source)
	at java.security.ProtectionDomain$1.doIntersectionPrivilege(Unknown Source)
	at java.awt.EventQueue$4.run(Unknown Source)
	at java.awt.EventQueue$4.run(Unknown Source)
	at java.security.AccessController.doPrivileged(Native Method)
	at java.security.ProtectionDomain$1.doIntersectionPrivilege(Unknown Source)
	at java.awt.EventQueue.dispatchEvent(Unknown Source)
	at java.awt.EventDispatchThread.pumpOneEventForFilters(Unknown Source)
	at java.awt.EventDispatchThread.pumpEventsForFilter(Unknown Source)
	at java.awt.EventDispatchThread.pumpEventsForHierarchy(Unknown Source)
	at java.awt.EventDispatchThread.pumpEvents(Unknown Source)
	at java.awt.EventDispatchThread.pumpEvents(Unknown Source)
	at java.awt.EventDispatchThread.run(Unknown Source)
ERROR [AWT-EventQueue-0] 2015-10-20 11:46:26,081 repast.simphony.ui.RSApplication - Error while initializing simulation
org.apache.commons.math3.exception.NotStrictlyPositiveException: 0 is smaller than, or equal to, the minimum (0)
	at org.apache.commons.math3.linear.AbstractRealMatrix.<init>(AbstractRealMatrix.java:69)
	at org.apache.commons.math3.linear.Array2DRowRealMatrix.<init>(Array2DRowRealMatrix.java:61)
	at org.apache.commons.math3.linear.MatrixUtils.createRealMatrix(MatrixUtils.java:81)
	at org.apache.commons.math3.linear.MatrixUtils.createRealIdentityMatrix(MatrixUtils.java:176)
	at dynamic_NN.Node.nodeInitialize(Node.java:42)
	at dynamic_NN.ModelSetup.build(ModelSetup.java:136)
	at repast.simphony.dataLoader.engine.ClassNameContextBuilder.build(ClassNameContextBuilder.java:41)
	at repast.simphony.dataLoader.engine.DataLoaderControllerAction.runInitialize(DataLoaderControllerAction.java:48)
	at repast.simphony.engine.controller.DefaultController$2.visit(DefaultController.java:214)
	at repast.simphony.engine.controller.DefaultController$2.visit(DefaultController.java:1)
	at repast.simphony.util.collections.NaryTree.preOrderTraverals(NaryTree.java:287)
	at repast.simphony.util.collections.NaryTree.preOrderTraverals(NaryTree.java:290)
	at repast.simphony.util.collections.NaryTree.preOrderTraverals(NaryTree.java:290)
	at repast.simphony.util.collections.NaryTree.preOrderTraversal(NaryTree.java:283)
	at repast.simphony.engine.controller.DefaultController.runInitialize(DefaultController.java:212)
	at repast.simphony.engine.controller.DefaultController.runInitialize(DefaultController.java:383)
	at repast.simphony.ui.RSApplication.initSim(RSApplication.java:162)
	at repast.simphony.ui.RSApplication.step(RSApplication.java:214)
	at repast.simphony.ui.action.StepRun.actionPerformed(StepRun.java:17)
	at javax.swing.AbstractButton.fireActionPerformed(Unknown Source)
	at javax.swing.AbstractButton$Handler.actionPerformed(Unknown Source)
	at javax.swing.DefaultButtonModel.fireActionPerformed(Unknown Source)
	at javax.swing.DefaultButtonModel.setPressed(Unknown Source)
	at javax.swing.plaf.basic.BasicButtonListener.mouseReleased(Unknown Source)
	at java.awt.AWTEventMulticaster.mouseReleased(Unknown Source)
	at java.awt.Component.processMouseEvent(Unknown Source)
	at javax.swing.JComponent.processMouseEvent(Unknown Source)
	at java.awt.Component.processEvent(Unknown Source)
	at java.awt.Container.processEvent(Unknown Source)
	at java.awt.Component.dispatchEventImpl(Unknown Source)
	at java.awt.Container.dispatchEventImpl(Unknown Source)
	at java.awt.Component.dispatchEvent(Unknown Source)
	at java.awt.LightweightDispatcher.retargetMouseEvent(Unknown Source)
	at java.awt.LightweightDispatcher.processMouseEvent(Unknown Source)
	at java.awt.LightweightDispatcher.dispatchEvent(Unknown Source)
	at java.awt.Container.dispatchEventImpl(Unknown Source)
	at java.awt.Window.dispatchEventImpl(Unknown Source)
	at java.awt.Component.dispatchEvent(Unknown Source)
	at java.awt.EventQueue.dispatchEventImpl(Unknown Source)
	at java.awt.EventQueue.access$200(Unknown Source)
	at java.awt.EventQueue$3.run(Unknown Source)
	at java.awt.EventQueue$3.run(Unknown Source)
	at java.security.AccessController.doPrivileged(Native Method)
	at java.security.ProtectionDomain$1.doIntersectionPrivilege(Unknown Source)
	at java.security.ProtectionDomain$1.doIntersectionPrivilege(Unknown Source)
	at java.awt.EventQueue$4.run(Unknown Source)
	at java.awt.EventQueue$4.run(Unknown Source)
	at java.security.AccessController.doPrivileged(Native Method)
	at java.security.ProtectionDomain$1.doIntersectionPrivilege(Unknown Source)
	at java.awt.EventQueue.dispatchEvent(Unknown Source)
	at java.awt.EventDispatchThread.pumpOneEventForFilters(Unknown Source)
	at java.awt.EventDispatchThread.pumpEventsForFilter(Unknown Source)
	at java.awt.EventDispatchThread.pumpEventsForHierarchy(Unknown Source)
	at java.awt.EventDispatchThread.pumpEvents(Unknown Source)
	at java.awt.EventDispatchThread.pumpEvents(Unknown Source)
	at java.awt.EventDispatchThread.run(Unknown Source)
FATAL [Thread-6] 2015-10-20 11:54:17,631 repast.simphony.ui.GUIScheduleRunner - RunTimeException when running the schedule
Current tick (1.0)
java.lang.RuntimeException: java.lang.reflect.InvocationTargetException
	at repast.simphony.engine.schedule.CallBackAction.execute(CallBackAction.java:129)
	at repast.simphony.engine.schedule.DefaultAction.execute(DefaultAction.java:38)
	at repast.simphony.engine.schedule.ScheduleGroup.executeList(ScheduleGroup.java:206)
	at repast.simphony.engine.schedule.ScheduleGroup.execute(ScheduleGroup.java:231)
	at repast.simphony.engine.schedule.Schedule.execute(Schedule.java:352)
	at repast.simphony.ui.GUIScheduleRunner$ScheduleLoopRunnable.run(GUIScheduleRunner.java:52)
	at java.lang.Thread.run(Unknown Source)
Caused by: java.lang.reflect.InvocationTargetException
	at dynamic_NN.Executor$$FastClassByCGLIB$$4cbb9561.invoke(<generated>)
	at net.sf.cglib.reflect.FastMethod.invoke(FastMethod.java:53)
	at repast.simphony.engine.schedule.CallBackAction.execute(CallBackAction.java:127)
	... 6 more
Caused by: org.apache.commons.math3.exception.DimensionMismatchException: 1 != 2
	at org.apache.commons.math3.linear.Array2DRowRealMatrix.operate(Array2DRowRealMatrix.java:355)
	at org.apache.commons.math3.linear.AbstractRealMatrix.operate(AbstractRealMatrix.java:687)
	at dynamic_NN.Node.updateWeights(Node.java:73)
	at dynamic_NN.Learning.learn(Learning.java:24)
	at dynamic_NN.Executor.processLearning(Executor.java:59)
	... 9 more
