2015-10-20 20:24:13,726 - Velocimacro :  VM library template macro registration complete.
2015-10-20 20:24:13,726 - Velocimacro : allowInline = true : VMs can be defined inline in templates
2015-10-20 20:24:13,726 - Velocimacro : allowInlineToOverride = false : VMs defined inline may NOT replace previous VM definitions
2015-10-20 20:24:13,726 - Velocimacro : allowInlineLocal = false : VMs defined inline will be  global in scope if allowed.
2015-10-20 20:24:13,726 - Velocimacro : messages on  : VM system will output logging messages
2015-10-20 20:24:13,726 - Velocimacro : autoload off  : VM system will not automatically reload global library macros
2015-10-20 20:24:13,726 - Velocimacro : initialization complete.
2015-10-20 20:24:13,726 - Velocity successfully started.
2015-10-20 20:25:48,662 - SimpleLog4JLogSystem initialized using logfile 'velocity.log'
2015-10-20 20:25:48,662 - ************************************************************** 
2015-10-20 20:25:48,662 - Starting Jakarta Velocity v1.4
2015-10-20 20:25:48,662 - RuntimeInstance initializing.
2015-10-20 20:25:48,662 - Default Properties File: org\apache\velocity\runtime\defaults\velocity.properties
2015-10-20 20:25:48,662 - Trying to use logger class org.apache.velocity.runtime.log.SimpleLog4JLogSystem
2015-10-20 20:25:48,662 - Using logger class org.apache.velocity.runtime.log.SimpleLog4JLogSystem
2015-10-20 20:25:48,662 - Default ResourceManager initializing. (class org.apache.velocity.runtime.resource.ResourceManagerImpl)
2015-10-20 20:25:48,678 - Resource Loader Instantiated: org.apache.velocity.runtime.resource.loader.ClasspathResourceLoader
2015-10-20 20:25:48,678 - ClasspathResourceLoader : initialization starting.
2015-10-20 20:25:48,678 - ClasspathResourceLoader : initialization complete.
2015-10-20 20:25:48,678 - ResourceCache : initialized. (class org.apache.velocity.runtime.resource.ResourceCacheImpl)
2015-10-20 20:25:48,678 - Default ResourceManager initialization complete.
2015-10-20 20:25:48,678 - Loaded System Directive: org.apache.velocity.runtime.directive.Literal
2015-10-20 20:25:48,678 - Loaded System Directive: org.apache.velocity.runtime.directive.Macro
2015-10-20 20:25:48,694 - Loaded System Directive: org.apache.velocity.runtime.directive.Parse
2015-10-20 20:25:48,694 - Loaded System Directive: org.apache.velocity.runtime.directive.Include
2015-10-20 20:25:48,694 - Loaded System Directive: org.apache.velocity.runtime.directive.Foreach
2015-10-20 20:25:48,725 - Created: 20 parsers.
2015-10-20 20:25:48,740 - Velocimacro : initialization starting.
2015-10-20 20:25:48,740 - Velocimacro : adding VMs from VM library template : VM_global_library.vm
2015-10-20 20:25:48,756 - ResourceManager : unable to find resource 'VM_global_library.vm' in any resource loader.
2015-10-20 20:25:48,756 - Velocimacro : error using  VM library template VM_global_library.vm : org.apache.velocity.exception.ResourceNotFoundException: Unable to find resource 'VM_global_library.vm'
2015-10-20 20:25:48,756 - Velocimacro :  VM library template macro registration complete.
2015-10-20 20:25:48,756 - Velocimacro : allowInline = true : VMs can be defined inline in templates
2015-10-20 20:25:48,756 - Velocimacro : allowInlineToOverride = false : VMs defined inline may NOT replace previous VM definitions
2015-10-20 20:25:48,756 - Velocimacro : allowInlineLocal = false : VMs defined inline will be  global in scope if allowed.
2015-10-20 20:25:48,756 - Velocimacro : messages on  : VM system will output logging messages
2015-10-20 20:25:48,756 - Velocimacro : autoload off  : VM system will not automatically reload global library macros
2015-10-20 20:25:48,756 - Velocimacro : initialization complete.
2015-10-20 20:25:48,756 - Velocity successfully started.
2015-10-21 15:17:41,897 - SimpleLog4JLogSystem initialized using logfile 'velocity.log'
2015-10-21 15:17:41,897 - ************************************************************** 
2015-10-21 15:17:41,897 - Starting Jakarta Velocity v1.4
2015-10-21 15:17:41,897 - RuntimeInstance initializing.
2015-10-21 15:17:41,897 - Default Properties File: org\apache\velocity\runtime\defaults\velocity.properties
2015-10-21 15:17:41,897 - Trying to use logger class org.apache.velocity.runtime.log.SimpleLog4JLogSystem
2015-10-21 15:17:41,897 - Using logger class org.apache.velocity.runtime.log.SimpleLog4JLogSystem
2015-10-21 15:17:41,897 - Default ResourceManager initializing. (class org.apache.velocity.runtime.resource.ResourceManagerImpl)
2015-10-21 15:17:41,913 - Resource Loader Instantiated: org.apache.velocity.runtime.resource.loader.ClasspathResourceLoader
2015-10-21 15:17:41,913 - ClasspathResourceLoader : initialization starting.
2015-10-21 15:17:41,913 - ClasspathResourceLoader : initialization complete.
2015-10-21 15:17:41,913 - ResourceCache : initialized. (class org.apache.velocity.runtime.resource.ResourceCacheImpl)
2015-10-21 15:17:41,913 - Default ResourceManager initialization complete.
2015-10-21 15:17:41,913 - Loaded System Directive: org.apache.velocity.runtime.directive.Literal
2015-10-21 15:17:41,913 - Loaded System Directive: org.apache.velocity.runtime.directive.Macro
2015-10-21 15:17:41,928 - Loaded System Directive: org.apache.velocity.runtime.directive.Parse
2015-10-21 15:17:41,928 - Loaded System Directive: org.apache.velocity.runtime.directive.Include
2015-10-21 15:17:41,928 - Loaded System Directive: org.apache.velocity.runtime.directive.Foreach
2015-10-21 15:17:41,960 - Created: 20 parsers.
2015-10-21 15:17:41,983 - Velocimacro : initialization starting.
2015-10-21 15:17:41,983 - Velocimacro : adding VMs from VM library template : VM_global_library.vm
2015-10-21 15:17:41,993 - ResourceManager : unable to find resource 'VM_global_library.vm' in any resource loader.
2015-10-21 15:17:41,993 - Velocimacro : error using  VM library template VM_global_library.vm : org.apache.velocity.exception.ResourceNotFoundException: Unable to find resource 'VM_global_library.vm'
2015-10-21 15:17:41,993 - Velocimacro :  VM library template macro registration complete.
2015-10-21 15:17:41,993 - Velocimacro : allowInline = true : VMs can be defined inline in templates
2015-10-21 15:17:41,993 - Velocimacro : allowInlineToOverride = false : VMs defined inline may NOT replace previous VM definitions
2015-10-21 15:17:41,993 - Velocimacro : allowInlineLocal = false : VMs defined inline will be  global in scope if allowed.
2015-10-21 15:17:41,993 - Velocimacro : messages on  : VM system will output logging messages
2015-10-21 15:17:41,993 - Velocimacro : autoload off  : VM system will not automatically reload global library macros
2015-10-21 15:17:41,993 - Velocimacro : initialization complete.
2015-10-21 15:17:41,993 - Velocity successfully started.
2015-10-21 15:18:40,816 - ResourceManager : found repast/simphony/scenario/Scenario.vt with loader org.apache.velocity.runtime.resource.loader.ClasspathResourceLoader
2015-10-21 16:08:26,664 - ResourceManager : found repast/simphony/scenario/Scenario.vt with loader org.apache.velocity.runtime.resource.loader.ClasspathResourceLoader
2015-10-21 16:13:09,183 - ResourceManager : found repast/simphony/scenario/Scenario.vt with loader org.apache.velocity.runtime.resource.loader.ClasspathResourceLoader
2015-10-21 16:39:38,547 - SimpleLog4JLogSystem initialized using logfile 'velocity.log'
2015-10-21 16:39:38,547 - ************************************************************** 
2015-10-21 16:39:38,547 - Starting Jakarta Velocity v1.4
2015-10-21 16:39:38,547 - RuntimeInstance initializing.
2015-10-21 16:39:38,547 - Default Properties File: org\apache\velocity\runtime\defaults\velocity.properties
2015-10-21 16:39:38,547 - Trying to use logger class org.apache.velocity.runtime.log.SimpleLog4JLogSystem
2015-10-21 16:39:38,547 - Using logger class org.apache.velocity.runtime.log.SimpleLog4JLogSystem
2015-10-21 16:39:38,562 - Default ResourceManager initializing. (class org.apache.velocity.runtime.resource.ResourceManagerImpl)
2015-10-21 16:39:38,562 - Resource Loader Instantiated: org.apache.velocity.runtime.resource.loader.ClasspathResourceLoader
2015-10-21 16:39:38,562 - ClasspathResourceLoader : initialization starting.
2015-10-21 16:39:38,562 - ClasspathResourceLoader : initialization complete.
2015-10-21 16:39:38,562 - ResourceCache : initialized. (class org.apache.velocity.runtime.resource.ResourceCacheImpl)
2015-10-21 16:39:38,562 - Default ResourceManager initialization complete.
2015-10-21 16:39:38,562 - Loaded System Directive: org.apache.velocity.runtime.directive.Literal
2015-10-21 16:39:38,578 - Loaded System Directive: org.apache.velocity.runtime.directive.Macro
2015-10-21 16:39:38,578 - Loaded System Directive: org.apache.velocity.runtime.directive.Parse
2015-10-21 16:39:38,578 - Loaded System Directive: org.apache.velocity.runtime.directive.Include
2015-10-21 16:39:38,578 - Loaded System Directive: org.apache.velocity.runtime.directive.Foreach
2015-10-21 16:39:38,609 - Created: 20 parsers.
2015-10-21 16:39:38,625 - Velocimacro : initialization starting.
2015-10-21 16:39:38,625 - Velocimacro : adding VMs from VM library template : VM_global_library.vm
2015-10-21 16:39:38,640 - ResourceManager : unable to find resource 'VM_global_library.vm' in any resource loader.
2015-10-21 16:39:38,640 - Velocimacro : error using  VM library template VM_global_library.vm : org.apache.velocity.exception.ResourceNotFoundException: Unable to find resource 'VM_global_library.vm'
2015-10-21 16:39:38,640 - Velocimacro :  VM library template macro registration complete.
2015-10-21 16:39:38,640 - Velocimacro : allowInline = true : VMs can be defined inline in templates
2015-10-21 16:39:38,640 - Velocimacro : allowInlineToOverride = false : VMs defined inline may NOT replace previous VM definitions
2015-10-21 16:39:38,640 - Velocimacro : allowInlineLocal = false : VMs defined inline will be  global in scope if allowed.
2015-10-21 16:39:38,640 - Velocimacro : messages on  : VM system will output logging messages
2015-10-21 16:39:38,640 - Velocimacro : autoload off  : VM system will not automatically reload global library macros
2015-10-21 16:39:38,640 - Velocimacro : initialization complete.
2015-10-21 16:39:38,640 - Velocity successfully started.
2015-10-21 16:42:36,405 - SimpleLog4JLogSystem initialized using logfile 'velocity.log'
2015-10-21 16:42:36,405 - ************************************************************** 
2015-10-21 16:42:36,405 - Starting Jakarta Velocity v1.4
2015-10-21 16:42:36,405 - RuntimeInstance initializing.
2015-10-21 16:42:36,405 - Default Properties File: org\apache\velocity\runtime\defaults\velocity.properties
2015-10-21 16:42:36,405 - Trying to use logger class org.apache.velocity.runtime.log.SimpleLog4JLogSystem
2015-10-21 16:42:36,405 - Using logger class org.apache.velocity.runtime.log.SimpleLog4JLogSystem
2015-10-21 16:42:36,420 - Default ResourceManager initializing. (class org.apache.velocity.runtime.resource.ResourceManagerImpl)
2015-10-21 16:42:36,420 - Resource Loader Instantiated: org.apache.velocity.runtime.resource.loader.ClasspathResourceLoader
2015-10-21 16:42:36,420 - ClasspathResourceLoader : initialization starting.
2015-10-21 16:42:36,420 - ClasspathResourceLoader : initialization complete.
2015-10-21 16:42:36,420 - ResourceCache : initialized. (class org.apache.velocity.runtime.resource.ResourceCacheImpl)
2015-10-21 16:42:36,420 - Default ResourceManager initialization complete.
2015-10-21 16:42:36,420 - Loaded System Directive: org.apache.velocity.runtime.directive.Literal
2015-10-21 16:42:36,436 - Loaded System Directive: org.apache.velocity.runtime.directive.Macro
2015-10-21 16:42:36,436 - Loaded System Directive: org.apache.velocity.runtime.directive.Parse
2015-10-21 16:42:36,436 - Loaded System Directive: org.apache.velocity.runtime.directive.Include
2015-10-21 16:42:36,436 - Loaded System Directive: org.apache.velocity.runtime.directive.Foreach
2015-10-21 16:42:36,483 - Created: 20 parsers.
2015-10-21 16:42:36,498 - Velocimacro : initialization starting.
2015-10-21 16:42:36,498 - Velocimacro : adding VMs from VM library template : VM_global_library.vm
2015-10-21 16:42:36,498 - ResourceManager : unable to find resource 'VM_global_library.vm' in any resource loader.
2015-10-21 16:42:36,498 - Velocimacro : error using  VM library template VM_global_library.vm : org.apache.velocity.exception.ResourceNotFoundException: Unable to find resource 'VM_global_library.vm'
2015-10-21 16:42:36,498 - Velocimacro :  VM library template macro registration complete.
2015-10-21 16:42:36,498 - Velocimacro : allowInline = true : VMs can be defined inline in templates
2015-10-21 16:42:36,498 - Velocimacro : allowInlineToOverride = false : VMs defined inline may NOT replace previous VM definitions
2015-10-21 16:42:36,498 - Velocimacro : allowInlineLocal = false : VMs defined inline will be  global in scope if allowed.
2015-10-21 16:42:36,498 - Velocimacro : messages on  : VM system will output logging messages
2015-10-21 16:42:36,498 - Velocimacro : autoload off  : VM system will not automatically reload global library macros
2015-10-21 16:42:36,498 - Velocimacro : initialization complete.
2015-10-21 16:42:36,498 - Velocity successfully started.
2015-11-02 16:16:42,466 - SimpleLog4JLogSystem initialized using logfile 'velocity.log'
2015-11-02 16:16:42,466 - ************************************************************** 
2015-11-02 16:16:42,466 - Starting Jakarta Velocity v1.4
2015-11-02 16:16:42,466 - RuntimeInstance initializing.
2015-11-02 16:16:42,466 - Default Properties File: org\apache\velocity\runtime\defaults\velocity.properties
2015-11-02 16:16:42,466 - Trying to use logger class org.apache.velocity.runtime.log.SimpleLog4JLogSystem
2015-11-02 16:16:42,466 - Using logger class org.apache.velocity.runtime.log.SimpleLog4JLogSystem
2015-11-02 16:16:42,481 - Default ResourceManager initializing. (class org.apache.velocity.runtime.resource.ResourceManagerImpl)
2015-11-02 16:16:42,481 - Resource Loader Instantiated: org.apache.velocity.runtime.resource.loader.ClasspathResourceLoader
2015-11-02 16:16:42,481 - ClasspathResourceLoader : initialization starting.
2015-11-02 16:16:42,481 - ClasspathResourceLoader : initialization complete.
2015-11-02 16:16:42,481 - ResourceCache : initialized. (class org.apache.velocity.runtime.resource.ResourceCacheImpl)
2015-11-02 16:16:42,481 - Default ResourceManager initialization complete.
2015-11-02 16:16:42,481 - Loaded System Directive: org.apache.velocity.runtime.directive.Literal
2015-11-02 16:16:42,481 - Loaded System Directive: org.apache.velocity.runtime.directive.Macro
2015-11-02 16:16:42,497 - Loaded System Directive: org.apache.velocity.runtime.directive.Parse
2015-11-02 16:16:42,497 - Loaded System Directive: org.apache.velocity.runtime.directive.Include
2015-11-02 16:16:42,497 - Loaded System Directive: org.apache.velocity.runtime.directive.Foreach
2015-11-02 16:16:42,528 - Created: 20 parsers.
2015-11-02 16:16:42,544 - Velocimacro : initialization starting.
2015-11-02 16:16:42,544 - Velocimacro : adding VMs from VM library template : VM_global_library.vm
2015-11-02 16:16:42,559 - ResourceManager : unable to find resource 'VM_global_library.vm' in any resource loader.
2015-11-02 16:16:42,559 - Velocimacro : error using  VM library template VM_global_library.vm : org.apache.velocity.exception.ResourceNotFoundException: Unable to find resource 'VM_global_library.vm'
2015-11-02 16:16:42,559 - Velocimacro :  VM library template macro registration complete.
2015-11-02 16:16:42,559 - Velocimacro : allowInline = true : VMs can be defined inline in templates
2015-11-02 16:16:42,559 - Velocimacro : allowInlineToOverride = false : VMs defined inline may NOT replace previous VM definitions
2015-11-02 16:16:42,559 - Velocimacro : allowInlineLocal = false : VMs defined inline will be  global in scope if allowed.
2015-11-02 16:16:42,559 - Velocimacro : messages on  : VM system will output logging messages
2015-11-02 16:16:42,559 - Velocimacro : autoload off  : VM system will not automatically reload global library macros
2015-11-02 16:16:42,559 - Velocimacro : initialization complete.
2015-11-02 16:16:42,559 - Velocity successfully started.
2015-11-02 16:34:32,748 - SimpleLog4JLogSystem initialized using logfile 'velocity.log'
2015-11-02 16:34:32,748 - ************************************************************** 
2015-11-02 16:34:32,748 - Starting Jakarta Velocity v1.4
2015-11-02 16:34:32,748 - RuntimeInstance initializing.
2015-11-02 16:34:32,748 - Default Properties File: org\apache\velocity\runtime\defaults\velocity.properties
2015-11-02 16:34:32,748 - Trying to use logger class org.apache.velocity.runtime.log.SimpleLog4JLogSystem
2015-11-02 16:34:32,748 - Using logger class org.apache.velocity.runtime.log.SimpleLog4JLogSystem
2015-11-02 16:34:32,754 - Default ResourceManager initializing. (class org.apache.velocity.runtime.resource.ResourceManagerImpl)
2015-11-02 16:34:32,761 - Resource Loader Instantiated: org.apache.velocity.runtime.resource.loader.ClasspathResourceLoader
2015-11-02 16:34:32,761 - ClasspathResourceLoader : initialization starting.
2015-11-02 16:34:32,761 - ClasspathResourceLoader : initialization complete.
2015-11-02 16:34:32,765 - ResourceCache : initialized. (class org.apache.velocity.runtime.resource.ResourceCacheImpl)
2015-11-02 16:34:32,765 - Default ResourceManager initialization complete.
2015-11-02 16:34:32,770 - Loaded System Directive: org.apache.velocity.runtime.directive.Literal
2015-11-02 16:34:32,774 - Loaded System Directive: org.apache.velocity.runtime.directive.Macro
2015-11-02 16:34:32,780 - Loaded System Directive: org.apache.velocity.runtime.directive.Parse
2015-11-02 16:34:32,784 - Loaded System Directive: org.apache.velocity.runtime.directive.Include
2015-11-02 16:34:32,787 - Loaded System Directive: org.apache.velocity.runtime.directive.Foreach
2015-11-02 16:34:32,828 - Created: 20 parsers.
2015-11-02 16:34:32,843 - Velocimacro : initialization starting.
2015-11-02 16:34:32,843 - Velocimacro : adding VMs from VM library template : VM_global_library.vm
2015-11-02 16:34:32,852 - ResourceManager : unable to find resource 'VM_global_library.vm' in any resource loader.
2015-11-02 16:34:32,852 - Velocimacro : error using  VM library template VM_global_library.vm : org.apache.velocity.exception.ResourceNotFoundException: Unable to find resource 'VM_global_library.vm'
2015-11-02 16:34:32,852 - Velocimacro :  VM library template macro registration complete.
2015-11-02 16:34:32,852 - Velocimacro : allowInline = true : VMs can be defined inline in templates
2015-11-02 16:34:32,852 - Velocimacro : allowInlineToOverride = false : VMs defined inline may NOT replace previous VM definitions
2015-11-02 16:34:32,852 - Velocimacro : allowInlineLocal = false : VMs defined inline will be  global in scope if allowed.
2015-11-02 16:34:32,852 - Velocimacro : messages on  : VM system will output logging messages
2015-11-02 16:34:32,852 - Velocimacro : autoload off  : VM system will not automatically reload global library macros
2015-11-02 16:34:32,852 - Velocimacro : initialization complete.
2015-11-02 16:34:32,852 - Velocity successfully started.
2015-12-02 14:31:01,395 - SimpleLog4JLogSystem initialized using logfile 'velocity.log'
2015-12-02 14:31:01,410 - ************************************************************** 
2015-12-02 14:31:01,410 - Starting Jakarta Velocity v1.4
2015-12-02 14:31:01,410 - RuntimeInstance initializing.
2015-12-02 14:31:01,410 - Default Properties File: org\apache\velocity\runtime\defaults\velocity.properties
2015-12-02 14:31:01,410 - Trying to use logger class org.apache.velocity.runtime.log.SimpleLog4JLogSystem
2015-12-02 14:31:01,410 - Using logger class org.apache.velocity.runtime.log.SimpleLog4JLogSystem
2015-12-02 14:31:01,410 - Default ResourceManager initializing. (class org.apache.velocity.runtime.resource.ResourceManagerImpl)
2015-12-02 14:31:01,410 - Resource Loader Instantiated: org.apache.velocity.runtime.resource.loader.ClasspathResourceLoader
2015-12-02 14:31:01,410 - ClasspathResourceLoader : initialization starting.
2015-12-02 14:31:01,410 - ClasspathResourceLoader : initialization complete.
2015-12-02 14:31:01,410 - ResourceCache : initialized. (class org.apache.velocity.runtime.resource.ResourceCacheImpl)
2015-12-02 14:31:01,410 - Default ResourceManager initialization complete.
2015-12-02 14:31:01,410 - Loaded System Directive: org.apache.velocity.runtime.directive.Literal
2015-12-02 14:31:01,410 - Loaded System Directive: org.apache.velocity.runtime.directive.Macro
2015-12-02 14:31:01,426 - Loaded System Directive: org.apache.velocity.runtime.directive.Parse
2015-12-02 14:31:01,426 - Loaded System Directive: org.apache.velocity.runtime.directive.Include
2015-12-02 14:31:01,426 - Loaded System Directive: org.apache.velocity.runtime.directive.Foreach
2015-12-02 14:31:01,442 - Created: 20 parsers.
2015-12-02 14:31:01,457 - Velocimacro : initialization starting.
2015-12-02 14:31:01,457 - Velocimacro : adding VMs from VM library template : VM_global_library.vm
2015-12-02 14:31:01,457 - ResourceManager : unable to find resource 'VM_global_library.vm' in any resource loader.
2015-12-02 14:31:01,457 - Velocimacro : error using  VM library template VM_global_library.vm : org.apache.velocity.exception.ResourceNotFoundException: Unable to find resource 'VM_global_library.vm'
2015-12-02 14:31:01,457 - Velocimacro :  VM library template macro registration complete.
2015-12-02 14:31:01,457 - Velocimacro : allowInline = true : VMs can be defined inline in templates
2015-12-02 14:31:01,457 - Velocimacro : allowInlineToOverride = false : VMs defined inline may NOT replace previous VM definitions
2015-12-02 14:31:01,457 - Velocimacro : allowInlineLocal = false : VMs defined inline will be  global in scope if allowed.
2015-12-02 14:31:01,457 - Velocimacro : messages on  : VM system will output logging messages
2015-12-02 14:31:01,457 - Velocimacro : autoload off  : VM system will not automatically reload global library macros
2015-12-02 14:31:01,457 - Velocimacro : initialization complete.
2015-12-02 14:31:01,457 - Velocity successfully started.
2015-12-18 10:52:48,612 - SimpleLog4JLogSystem initialized using logfile 'velocity.log'
2015-12-18 10:52:48,612 - ************************************************************** 
2015-12-18 10:52:48,612 - Starting Jakarta Velocity v1.4
2015-12-18 10:52:48,612 - RuntimeInstance initializing.
2015-12-18 10:52:48,612 - Default Properties File: org\apache\velocity\runtime\defaults\velocity.properties
2015-12-18 10:52:48,612 - Trying to use logger class org.apache.velocity.runtime.log.SimpleLog4JLogSystem
2015-12-18 10:52:48,612 - Using logger class org.apache.velocity.runtime.log.SimpleLog4JLogSystem
2015-12-18 10:52:48,612 - Default ResourceManager initializing. (class org.apache.velocity.runtime.resource.ResourceManagerImpl)
2015-12-18 10:52:48,612 - Resource Loader Instantiated: org.apache.velocity.runtime.resource.loader.ClasspathResourceLoader
2015-12-18 10:52:48,612 - ClasspathResourceLoader : initialization starting.
2015-12-18 10:52:48,612 - ClasspathResourceLoader : initialization complete.
2015-12-18 10:52:48,612 - ResourceCache : initialized. (class org.apache.velocity.runtime.resource.ResourceCacheImpl)
2015-12-18 10:52:48,612 - Default ResourceManager initialization complete.
2015-12-18 10:52:48,612 - Loaded System Directive: org.apache.velocity.runtime.directive.Literal
2015-12-18 10:52:48,612 - Loaded System Directive: org.apache.velocity.runtime.directive.Macro
2015-12-18 10:52:48,612 - Loaded System Directive: org.apache.velocity.runtime.directive.Parse
2015-12-18 10:52:48,612 - Loaded System Directive: org.apache.velocity.runtime.directive.Include
2015-12-18 10:52:48,628 - Loaded System Directive: org.apache.velocity.runtime.directive.Foreach
2015-12-18 10:52:48,644 - Created: 20 parsers.
2015-12-18 10:52:48,644 - Velocimacro : initialization starting.
2015-12-18 10:52:48,644 - Velocimacro : adding VMs from VM library template : VM_global_library.vm
2015-12-18 10:52:48,659 - ResourceManager : unable to find resource 'VM_global_library.vm' in any resource loader.
2015-12-18 10:52:48,659 - Velocimacro : error using  VM library template VM_global_library.vm : org.apache.velocity.exception.ResourceNotFoundException: Unable to find resource 'VM_global_library.vm'
2015-12-18 10:52:48,659 - Velocimacro :  VM library template macro registration complete.
2015-12-18 10:52:48,659 - Velocimacro : allowInline = true : VMs can be defined inline in templates
2015-12-18 10:52:48,659 - Velocimacro : allowInlineToOverride = false : VMs defined inline may NOT replace previous VM definitions
2015-12-18 10:52:48,659 - Velocimacro : allowInlineLocal = false : VMs defined inline will be  global in scope if allowed.
2015-12-18 10:52:48,659 - Velocimacro : messages on  : VM system will output logging messages
2015-12-18 10:52:48,659 - Velocimacro : autoload off  : VM system will not automatically reload global library macros
2015-12-18 10:52:48,659 - Velocimacro : initialization complete.
2015-12-18 10:52:48,659 - Velocity successfully started.
2015-12-18 10:54:21,040 - SimpleLog4JLogSystem initialized using logfile 'velocity.log'
2015-12-18 10:54:21,040 - ************************************************************** 
2015-12-18 10:54:21,040 - Starting Jakarta Velocity v1.4
2015-12-18 10:54:21,040 - RuntimeInstance initializing.
2015-12-18 10:54:21,040 - Default Properties File: org\apache\velocity\runtime\defaults\velocity.properties
2015-12-18 10:54:21,040 - Trying to use logger class org.apache.velocity.runtime.log.SimpleLog4JLogSystem
2015-12-18 10:54:21,040 - Using logger class org.apache.velocity.runtime.log.SimpleLog4JLogSystem
2015-12-18 10:54:21,056 - Default ResourceManager initializing. (class org.apache.velocity.runtime.resource.ResourceManagerImpl)
2015-12-18 10:54:21,056 - Resource Loader Instantiated: org.apache.velocity.runtime.resource.loader.ClasspathResourceLoader
2015-12-18 10:54:21,056 - ClasspathResourceLoader : initialization starting.
2015-12-18 10:54:21,056 - ClasspathResourceLoader : initialization complete.
2015-12-18 10:54:21,056 - ResourceCache : initialized. (class org.apache.velocity.runtime.resource.ResourceCacheImpl)
2015-12-18 10:54:21,056 - Default ResourceManager initialization complete.
2015-12-18 10:54:21,056 - Loaded System Directive: org.apache.velocity.runtime.directive.Literal
2015-12-18 10:54:21,056 - Loaded System Directive: org.apache.velocity.runtime.directive.Macro
2015-12-18 10:54:21,056 - Loaded System Directive: org.apache.velocity.runtime.directive.Parse
2015-12-18 10:54:21,056 - Loaded System Directive: org.apache.velocity.runtime.directive.Include
2015-12-18 10:54:21,056 - Loaded System Directive: org.apache.velocity.runtime.directive.Foreach
2015-12-18 10:54:21,071 - Created: 20 parsers.
2015-12-18 10:54:21,087 - Velocimacro : initialization starting.
2015-12-18 10:54:21,087 - Velocimacro : adding VMs from VM library template : VM_global_library.vm
2015-12-18 10:54:21,102 - ResourceManager : unable to find resource 'VM_global_library.vm' in any resource loader.
2015-12-18 10:54:21,102 - Velocimacro : error using  VM library template VM_global_library.vm : org.apache.velocity.exception.ResourceNotFoundException: Unable to find resource 'VM_global_library.vm'
2015-12-18 10:54:21,102 - Velocimacro :  VM library template macro registration complete.
2015-12-18 10:54:21,102 - Velocimacro : allowInline = true : VMs can be defined inline in templates
2015-12-18 10:54:21,102 - Velocimacro : allowInlineToOverride = false : VMs defined inline may NOT replace previous VM definitions
2015-12-18 10:54:21,102 - Velocimacro : allowInlineLocal = false : VMs defined inline will be  global in scope if allowed.
2015-12-18 10:54:21,102 - Velocimacro : messages on  : VM system will output logging messages
2015-12-18 10:54:21,102 - Velocimacro : autoload off  : VM system will not automatically reload global library macros
2015-12-18 10:54:21,102 - Velocimacro : initialization complete.
2015-12-18 10:54:21,102 - Velocity successfully started.
2015-12-18 10:55:48,551 - ResourceManager : found repast/simphony/scenario/Scenario.vt with loader org.apache.velocity.runtime.resource.loader.ClasspathResourceLoader
